<?xml version="1.0" encoding="UTF-8"?>
<!-- Generated by org.testng.reporters.JUnitXMLReporter -->
<testsuite ignored="0" hostname="DESKTOP-0M7CU9F" failures="1" tests="1" name="Default test" time="7.931" errors="0" timestamp="2022-11-13T02:33:47 ICT">
  <testcase classname="io.cucumber.testng.AbstractTestNGCucumberTests" name="runScenario" time="7.73">
    <failure type="java.lang.NullPointerException" message="Cannot invoke &amp;quot;org.openqa.selenium.WebDriver.getCurrentUrl()&amp;quot; because &amp;quot;this.driver&amp;quot; is null">
      <![CDATA[java.lang.NullPointerException: Cannot invoke "org.openqa.selenium.WebDriver.getCurrentUrl()" because "this.driver" is null
at stepDefinitions.StockbitDefinition.user_in_select_menu_page(StockbitDefinition.java:26)
at ✽.User in “select menu” page(file:///E:/CucumberSelenium/StockbitAutomations/Stockbit/src/test/java/features/feature01.feature:5)
]]>
    </failure>
  </testcase> <!-- runScenario -->
</testsuite> <!-- Default test -->
